Start testing: Apr 23 01:52 CST
----------------------------------------------------------
1/5 Testing: Test128
1/5 Test: Test128
Command: "/home/chef/Parallel-Programing/Task5/OpenMPMatMul" "128" "128" "128"
Directory: /home/chef/Parallel-Programing/Task5
"Test128" start time: Apr 23 01:52 CST
Output:
----------------------------------------------------------
Calculating for m = 128, n = 128, k = 128
Running on 16 threads
matMul time: 0.007808 seconds
Verifying with Python script
The matrix multiplication is correct.
<end of output>
Test time =   0.23 sec
----------------------------------------------------------
Test Passed.
"Test128" end time: Apr 23 01:52 CST
"Test128" time elapsed: 00:00:00
----------------------------------------------------------

2/5 Testing: Test256
2/5 Test: Test256
Command: "/home/chef/Parallel-Programing/Task5/OpenMPMatMul" "256" "256" "256"
Directory: /home/chef/Parallel-Programing/Task5
"Test256" start time: Apr 23 01:52 CST
Output:
----------------------------------------------------------
Calculating for m = 256, n = 256, k = 256
Running on 16 threads
matMul time: 0.007311 seconds
Verifying with Python script
The matrix multiplication is correct.
<end of output>
Test time =   0.34 sec
----------------------------------------------------------
Test Passed.
"Test256" end time: Apr 23 01:52 CST
"Test256" time elapsed: 00:00:00
----------------------------------------------------------

3/5 Testing: Test512
3/5 Test: Test512
Command: "/home/chef/Parallel-Programing/Task5/OpenMPMatMul" "512" "512" "512"
Directory: /home/chef/Parallel-Programing/Task5
"Test512" start time: Apr 23 01:52 CST
Output:
----------------------------------------------------------
Calculating for m = 512, n = 512, k = 512
Running on 16 threads
matMul time: 0.061956 seconds
Verifying with Python script
The matrix multiplication is correct.
<end of output>
Test time =   0.86 sec
----------------------------------------------------------
Test Passed.
"Test512" end time: Apr 23 01:52 CST
"Test512" time elapsed: 00:00:00
----------------------------------------------------------

4/5 Testing: Test1024
4/5 Test: Test1024
Command: "/home/chef/Parallel-Programing/Task5/OpenMPMatMul" "1024" "1024" "1024"
Directory: /home/chef/Parallel-Programing/Task5
"Test1024" start time: Apr 23 01:52 CST
Output:
----------------------------------------------------------
Calculating for m = 1024, n = 1024, k = 1024
Running on 16 threads
matMul time: 0.613760 seconds
Verifying with Python script
The matrix multiplication is correct.
<end of output>
Test time =   3.11 sec
----------------------------------------------------------
Test Passed.
"Test1024" end time: Apr 23 01:52 CST
"Test1024" time elapsed: 00:00:03
----------------------------------------------------------

5/5 Testing: Test2048
5/5 Test: Test2048
Command: "/home/chef/Parallel-Programing/Task5/OpenMPMatMul" "2048" "2048" "2048"
Directory: /home/chef/Parallel-Programing/Task5
"Test2048" start time: Apr 23 01:52 CST
Output:
----------------------------------------------------------
Calculating for m = 2048, n = 2048, k = 2048
Running on 16 threads
matMul time: 9.422431 seconds
Verifying with Python script
The matrix multiplication is correct.
<end of output>
Test time =  18.74 sec
----------------------------------------------------------
Test Passed.
"Test2048" end time: Apr 23 01:53 CST
"Test2048" time elapsed: 00:00:18
----------------------------------------------------------

End testing: Apr 23 01:53 CST
